1612316801459	geckodriver	INFO	Listening on 127.0.0.1:36407
1612316802466	mozrunner::runner	INFO	Running command: "/usr/bin/firefox" "--marionette" "-foreground" "-no-remote" "-profile" "/tmp/rust_mozprofileCHnwuF"

(firefox:37817): GLib-GIO-CRITICAL **: 19:46:42.850: g_dbus_proxy_new: assertion 'G_IS_DBUS_CONNECTION (connection)' failed

(firefox:37817): GLib-GIO-CRITICAL **: 19:46:42.850: g_dbus_proxy_new: assertion 'G_IS_DBUS_CONNECTION (connection)' failed

(firefox:37817): GLib-GIO-CRITICAL **: 19:46:42.850: g_dbus_proxy_new: assertion 'G_IS_DBUS_CONNECTION (connection)' failed
console.warn: SearchSettings: "get: No settings file exists, new profile?" (new Error("", "(unknown module)"))
1612316803917	Marionette	INFO	Listening on port 37935
1612316803993	Marionette	WARN	TLS certificate errors will be ignored for this session
1612316808298	Marionette	INFO	Stopped listening on port 37935
1612367082520	geckodriver	INFO	Listening on 127.0.0.1:41365
1612367083525	mozrunner::runner	INFO	Running command: "/usr/bin/firefox" "--marionette" "-foreground" "-no-remote" "-profile" "/tmp/rust_mozprofileBjuB4t"

(firefox:31251): GLib-GIO-CRITICAL **: 09:44:44.024: g_dbus_proxy_new: assertion 'G_IS_DBUS_CONNECTION (connection)' failed

(firefox:31251): GLib-GIO-CRITICAL **: 09:44:44.024: g_dbus_proxy_new: assertion 'G_IS_DBUS_CONNECTION (connection)' failed

(firefox:31251): GLib-GIO-CRITICAL **: 09:44:44.024: g_dbus_proxy_new: assertion 'G_IS_DBUS_CONNECTION (connection)' failed
console.warn: SearchSettings: "get: No settings file exists, new profile?" (new Error("", "(unknown module)"))
1612367085308	Marionette	INFO	Listening on port 43241
1612367085427	Marionette	WARN	TLS certificate errors will be ignored for this session
1612367105015	Marionette	INFO	Stopped listening on port 43241
1612459940441	geckodriver	INFO	Listening on 127.0.0.1:43325
1612459941446	mozrunner::runner	INFO	Running command: "/usr/bin/firefox" "--marionette" "-foreground" "-no-remote" "-profile" "/tmp/rust_mozprofileNROyXR"

(firefox:192753): GLib-GIO-CRITICAL **: 11:32:21.888: g_dbus_proxy_new: assertion 'G_IS_DBUS_CONNECTION (connection)' failed

(firefox:192753): GLib-GIO-CRITICAL **: 11:32:21.888: g_dbus_proxy_new: assertion 'G_IS_DBUS_CONNECTION (connection)' failed

(firefox:192753): GLib-GIO-CRITICAL **: 11:32:21.888: g_dbus_proxy_new: assertion 'G_IS_DBUS_CONNECTION (connection)' failed
console.warn: SearchSettings: "get: No settings file exists, new profile?" (new Error("", "(unknown module)"))
console.warn: SearchSettings: "get: No settings file exists, new profile?" (new Error("", "(unknown module)"))
1612459943326	Marionette	INFO	Listening on port 38513
1612459943381	Marionette	WARN	TLS certificate errors will be ignored for this session
1612459943397	Marionette	ERROR	[15] No reply from Marionette:Register
1612459954510	Marionette	WARN	Ignoring event 'pageshow' because document has an invalid readyState of 'uninitialized'.
1612459954548	Marionette	WARN	Ignoring event 'pageshow' because document has an invalid readyState of 'uninitialized'.
1612459954562	Marionette	WARN	Ignoring event 'pageshow' because document has an invalid readyState of 'uninitialized'.
1612459956101	Marionette	INFO	Stopped listening on port 38513

###!!! [Child][RunMessage] Error: Channel closing: too late to send/recv, messages will be lost


###!!! [Child][RunMessage] Error: Channel closing: too late to send/recv, messages will be lost


###!!! [Child][RunMessage] Error: Channel closing: too late to send/recv, messages will be lost


###!!! [Child][RunMessage] Error: Channel closing: too late to send/recv, messages will be lost


###!!! [Child][RunMessage] Error: Channel closing: too late to send/recv, messages will be lost


###!!! [Child][RunMessage] Error: Channel closing: too late to send/recv, messages will be lost


###!!! [Child][RunMessage] Error: Channel closing: too late to send/recv, messages will be lost


###!!! [Child][RunMessage] Error: Channel closing: too late to send/recv, messages will be lost


###!!! [Child][RunMessage] Error: Channel closing: too late to send/recv, messages will be lost


###!!! [Child][RunMessage] Error: Channel closing: too late to send/recv, messages will be lost


###!!! [Child][RunMessage] Error: Channel closing: too late to send/recv, messages will be lost

JavaScript error: resource://gre/modules/Sqlite.jsm, line 1031: Error: Sqlite.jsm has been shutdown. Cannot open connection to: /tmp/rust_mozprofileNROyXR/protections.sqlite
1612460166273	geckodriver	INFO	Listening on 127.0.0.1:55553
1612460166299	mozrunner::runner	INFO	Running command: "/usr/bin/firefox" "--marionette" "-foreground" "-no-remote" "-profile" "/tmp/rust_mozprofileuMaQD1"

(firefox:197179): GLib-GIO-CRITICAL **: 11:36:06.809: g_dbus_proxy_new: assertion 'G_IS_DBUS_CONNECTION (connection)' failed

(firefox:197179): GLib-GIO-CRITICAL **: 11:36:06.809: g_dbus_proxy_new: assertion 'G_IS_DBUS_CONNECTION (connection)' failed

(firefox:197179): GLib-GIO-CRITICAL **: 11:36:06.809: g_dbus_proxy_new: assertion 'G_IS_DBUS_CONNECTION (connection)' failed
console.warn: SearchSettings: "get: No settings file exists, new profile?" (new Error("", "(unknown module)"))
console.warn: SearchSettings: "get: No settings file exists, new profile?" (new Error("", "(unknown module)"))
1612460168964	Marionette	INFO	Listening on port 33787
1612460169042	Marionette	WARN	TLS certificate errors will be ignored for this session
1612460169057	Marionette	ERROR	[15] No reply from Marionette:Register
1612460173993	Marionette	INFO	Stopped listening on port 33787
1612460351518	geckodriver	INFO	Listening on 127.0.0.1:41979
1612460351531	mozrunner::runner	INFO	Running command: "/usr/bin/firefox" "--marionette" "-foreground" "-no-remote" "-profile" "/tmp/rust_mozprofileocyodj"

(firefox:200671): GLib-GIO-CRITICAL **: 11:39:11.975: g_dbus_proxy_new: assertion 'G_IS_DBUS_CONNECTION (connection)' failed

(firefox:200671): GLib-GIO-CRITICAL **: 11:39:11.975: g_dbus_proxy_new: assertion 'G_IS_DBUS_CONNECTION (connection)' failed

(firefox:200671): GLib-GIO-CRITICAL **: 11:39:11.976: g_dbus_proxy_new: assertion 'G_IS_DBUS_CONNECTION (connection)' failed
console.warn: SearchSettings: "get: No settings file exists, new profile?" (new Error("", "(unknown module)"))
console.warn: SearchSettings: "get: No settings file exists, new profile?" (new Error("", "(unknown module)"))
1612460354369	Marionette	INFO	Listening on port 38323
1612460354505	Marionette	WARN	TLS certificate errors will be ignored for this session
1612460354535	Marionette	ERROR	[15] No reply from Marionette:Register
1612460364499	Marionette	INFO	Stopped listening on port 38323

###!!! [Parent][RunMessage] Error: Channel closing: too late to send/recv, messages will be lost

1612460560584	geckodriver	INFO	Listening on 127.0.0.1:54613
1612460560590	mozrunner::runner	INFO	Running command: "/usr/bin/firefox" "--marionette" "-foreground" "-no-remote" "-profile" "/tmp/rust_mozprofileXmhrvR"

(firefox:204753): GLib-GIO-CRITICAL **: 11:42:41.007: g_dbus_proxy_new: assertion 'G_IS_DBUS_CONNECTION (connection)' failed

(firefox:204753): GLib-GIO-CRITICAL **: 11:42:41.007: g_dbus_proxy_new: assertion 'G_IS_DBUS_CONNECTION (connection)' failed

(firefox:204753): GLib-GIO-CRITICAL **: 11:42:41.007: g_dbus_proxy_new: assertion 'G_IS_DBUS_CONNECTION (connection)' failed
console.warn: SearchSettings: "get: No settings file exists, new profile?" (new Error("", "(unknown module)"))
console.warn: SearchSettings: "get: No settings file exists, new profile?" (new Error("", "(unknown module)"))
1612460562452	Marionette	INFO	Listening on port 36485
1612460562521	Marionette	WARN	TLS certificate errors will be ignored for this session
1612460562543	Marionette	ERROR	[15] No reply from Marionette:Register
1612460571819	Marionette	WARN	Ignoring event 'pageshow' because document has an invalid readyState of 'uninitialized'.
1612460571843	Marionette	WARN	Ignoring event 'pageshow' because document has an invalid readyState of 'uninitialized'.
1612460571845	Marionette	WARN	Ignoring event 'pageshow' because document has an invalid readyState of 'uninitialized'.
1612460574517	Marionette	INFO	Stopped listening on port 36485
JavaScript error: resource://gre/modules/Sqlite.jsm, line 1031: Error: Sqlite.jsm has been shutdown. Cannot open connection to: /tmp/rust_mozprofileXmhrvR/protections.sqlite
1612547293301	geckodriver	INFO	Listening on 127.0.0.1:50183
1612547294306	mozrunner::runner	INFO	Running command: "/usr/bin/firefox" "--marionette" "-foreground" "-no-remote" "-profile" "/tmp/rust_mozprofileb8iWsb"

(firefox:19057): GLib-GIO-CRITICAL **: 11:48:14.788: g_dbus_proxy_new: assertion 'G_IS_DBUS_CONNECTION (connection)' failed

(firefox:19057): GLib-GIO-CRITICAL **: 11:48:14.788: g_dbus_proxy_new: assertion 'G_IS_DBUS_CONNECTION (connection)' failed

(firefox:19057): GLib-GIO-CRITICAL **: 11:48:14.789: g_dbus_proxy_new: assertion 'G_IS_DBUS_CONNECTION (connection)' failed
console.warn: SearchSettings: "get: No settings file exists, new profile?" (new Error("", "(unknown module)"))
console.warn: SearchSettings: "get: No settings file exists, new profile?" (new Error("", "(unknown module)"))
1612547297010	Marionette	INFO	Listening on port 45845
1612547297065	Marionette	WARN	TLS certificate errors will be ignored for this session
1612547297085	Marionette	ERROR	[15] No reply from Marionette:Register
1612547301865	Marionette	INFO	Stopped listening on port 45845
JavaScript error: resource://gre/modules/AsyncShutdown.jsm, line 716: Error: Phase "Sqlite.jsm: wait until all connections are closed" is finished, it is too late to register completion condition "protections.sqlite#0: waiting for shutdown"

###!!! [Parent][RunMessage] Error: Channel closing: too late to send/recv, messages will be lost

1612639788034	geckodriver	INFO	Listening on 127.0.0.1:48067
1612639788039	mozrunner::runner	INFO	Running command: "/usr/bin/firefox" "--marionette" "-foreground" "-no-remote" "-profile" "/tmp/rust_mozprofileRMcJmE"

(firefox:1362501): GLib-GIO-CRITICAL **: 13:29:48.432: g_dbus_proxy_new: assertion 'G_IS_DBUS_CONNECTION (connection)' failed

(firefox:1362501): GLib-GIO-CRITICAL **: 13:29:48.432: g_dbus_proxy_new: assertion 'G_IS_DBUS_CONNECTION (connection)' failed

(firefox:1362501): GLib-GIO-CRITICAL **: 13:29:48.432: g_dbus_proxy_new: assertion 'G_IS_DBUS_CONNECTION (connection)' failed
console.warn: SearchSettings: "get: No settings file exists, new profile?" (new Error("", "(unknown module)"))
1612639789811	Marionette	INFO	Listening on port 35797
1612639789884	Marionette	WARN	TLS certificate errors will be ignored for this session
1612639789902	Marionette	ERROR	[15] No reply from Marionette:Register
console.warn: SearchSettings: "get: No settings file exists, new profile?" (new Error("", "(unknown module)"))
1612639793236	Marionette	INFO	Stopped listening on port 35797
